[06:53:46] [main/INFO]: Loading Minecraft 1.21.4 with Fabric Loader 0.16.10
[06:53:46] [main/INFO]: Fabric is preparing JARs on first launch, this may take a few seconds...
[06:53:46] [main/INFO]: Loading 4 mods:
	- fabricloader 0.16.10
	   \-- mixinextras 0.4.1
	- java 21
	- minecraft 1.21.4
[06:53:46] [main/INFO]: SpongePowered MIXIN Subsystem Version=0.8.7 Source=file:/workspaces/special-pancake/servidor_minecraft/libraries/net/fabricmc/sponge-mixin/0.15.4+mixin.0.8.7/sponge-mixin-0.15.4+mixin.0.8.7.jar Service=Knot/Fabric Env=SERVER
[06:53:52] [main/INFO]: Environment: Environment[sessionHost=https://sessionserver.mojang.com, servicesHost=https://api.minecraftservices.com, name=PROD]
[06:53:53] [main/INFO]: Loaded 1370 recipes
[06:53:53] [main/INFO]: Loaded 1481 advancements
[06:53:54] [Server thread/INFO]: Starting minecraft server version 1.21.4
[06:53:54] [Server thread/INFO]: Loading properties
[06:53:54] [Server thread/INFO]: Default game type: SURVIVAL
[06:53:54] [Server thread/INFO]: Generating keypair
[06:53:54] [Server thread/INFO]: Starting Minecraft server on *:25565
[06:53:54] [Server thread/INFO]: Using epoll channel type
[06:53:54] [Server thread/WARN]: **** SERVER IS RUNNING IN OFFLINE/INSECURE MODE!
[06:53:54] [Server thread/WARN]: The server will make no attempt to authenticate usernames. Beware.
[06:53:54] [Server thread/WARN]: While this makes the game possible to play without internet access, it also opens up the ability for hackers to connect with any username they choose.
[06:53:54] [Server thread/WARN]: To change this, set "online-mode" to "true" in the server.properties file.
[06:53:54] [Server thread/INFO]: Preparing level "world"
[06:53:54] [Server thread/INFO]: Preparing start region for dimension minecraft:overworld
[06:53:57] [Worker-Main-3/INFO]: Preparing spawn area: 0%
[06:53:57] [Worker-Main-3/INFO]: Preparing spawn area: 0%
[06:53:57] [Worker-Main-3/INFO]: Preparing spawn area: 0%
[06:53:57] [Worker-Main-3/INFO]: Preparing spawn area: 0%
[06:53:57] [Worker-Main-3/INFO]: Preparing spawn area: 0%
[06:53:57] [Worker-Main-3/INFO]: Preparing spawn area: 0%
[06:53:57] [Worker-Main-3/INFO]: Preparing spawn area: 0%
[06:53:57] [Server thread/INFO]: Time elapsed: 3109 ms
[06:53:57] [Server thread/INFO]: Done (3.377s)! For help, type "help"
[06:54:57] [Server thread/INFO]: Server empty for 60 seconds, pausing
[06:57:17] [Server thread/INFO]: SrLipord (/127.202.136.174:37897) lost connection: Disconnected
[06:57:21] [Server thread/INFO]: SrLipord[/127.202.136.174:36677] logged in with entity id 28 at (-79.30000001192093, 2.0, -39.69999998807907)
[06:57:21] [Server thread/INFO]: SrLipord joined the game
[06:59:36] [Server thread/INFO]: SrLipord has made the advancement [Suit Up]
