[20:06:58] [main/INFO] ========================================
[20:06:58] [main/INFO] Minecraft: 1.21.4
[20:06:58] [main/INFO] Side: server
[20:06:58] [main/INFO] Development: false
[20:06:58] [main/INFO] Version: 18.0.798
[20:06:58] [main/INFO] Loader:
[20:06:58] [main/INFO] - Fabric: 0.16.10
[20:06:58] [main/INFO] - Fabric API: 0.119.2+1.21.4
[20:06:58] [main/INFO] Dependencies:
[20:06:58] [main/INFO] - Cloth Config: 17.0.144
[20:06:58] [main/INFO] - Architectury: 15.0.3
[20:06:58] [main/INFO] Mixin: 0.8.7
[20:06:58] [main/INFO] OS: Linux 6.8.0-1021-azure (amd64)
[20:06:58] [main/INFO] Java: 21.0.6 (Ubuntu)
[20:06:58] [main/INFO] ========================================
[20:06:58] [main/INFO] Mods:
[20:06:58] [main/INFO] - amplified_nether: 1.2.7
[20:06:58] [main/INFO] - ar_com_hjg_pngj: 2.1.0
[20:06:58] [main/INFO] - architectury: 15.0.3
[20:06:58] [main/INFO] - balm: 21.4.24
[20:06:58] [main/INFO] - bettervillage: 3.3.0
[20:06:58] [main/INFO] - chunky: 1.4.27
[20:06:58] [main/INFO] - cicada: 0.11.9+1.21.4
[20:06:58] [main/INFO] - cloth-basic-math: 0.6.1
[20:06:58] [main/INFO] - cloth-config: 17.0.144
[20:06:58] [main/INFO] - cloth-config: 17.0.144
[20:06:58] [main/INFO] - cobweb: 1.3.3
[20:06:58] [main/INFO] - collective: 8.1
[20:06:58] [main/INFO] - com_electronwill_night-config_core: 3.8.1
[20:06:58] [main/INFO] - com_electronwill_night-config_toml: 3.8.1
[20:06:58] [main/INFO] - com_twelvemonkeys_common_common-image: 3.12.0
[20:06:58] [main/INFO] - com_twelvemonkeys_common_common-io: 3.12.0
[20:06:58] [main/INFO] - com_twelvemonkeys_common_common-lang: 3.12.0
[20:06:58] [main/INFO] - com_twelvemonkeys_imageio_imageio-core: 3.12.0
[20:06:58] [main/INFO] - com_twelvemonkeys_imageio_imageio-metadata: 3.12.0
[20:06:58] [main/INFO] - com_twelvemonkeys_imageio_imageio-webp: 3.12.0
[20:06:58] [main/INFO] - common-protection-api: 1.0.0
[20:06:58] [main/INFO] - commonnetworking: 1.0.18-1.21.4
[20:06:58] [main/INFO] - config2brigadier: 2.0.1
[20:06:58] [main/INFO] - creativecore: 2.12.35
[20:06:58] [main/INFO] - customizableelytra: 2.2.8
[20:06:58] [main/INFO] - diagonalblocks: 21.4.0
[20:06:58] [main/INFO] - diagonalfences: 21.4.0
[20:06:58] [main/INFO] - do_a_barrel_roll: 3.8.1
[20:06:58] [main/INFO] - easyanvils: 21.4.1
[20:06:58] [main/INFO] - easyelytratakeoff: 4.5
[20:06:58] [main/INFO] - easymagic: 21.4.1
[20:06:58] [main/INFO] - elytratrims: 4.0.0-alpha.3
[20:06:58] [main/INFO] - error_notifier: 1.0.11
[20:06:58] [main/INFO] - fabric-api: 0.119.2+1.21.4
[20:06:58] [main/INFO] - fabric-api: 0.119.2+1.21.4
[20:06:58] [main/INFO] - fabric-api-base: 0.4.54+b47eab6b04
[20:06:58] [main/INFO] - fabric-api-lookup-api-v1: 1.6.86+b1caf1e904
[20:06:58] [main/INFO] - fabric-biome-api-v1: 15.0.6+b1c29d8e04
[20:06:58] [main/INFO] - fabric-block-api-v1: 1.0.31+7feeb73304
[20:06:58] [main/INFO] - fabric-block-view-api-v2: 1.0.20+9c49cc8c04
[20:06:58] [main/INFO] - fabric-command-api-v1: 1.2.62+f71b366f04
[20:06:58] [main/INFO] - fabric-command-api-v2: 2.2.41+e496eb1504
[20:06:58] [main/INFO] - fabric-commands-v0: 0.2.79+df3654b304
[20:06:58] [main/INFO] - fabric-content-registries-v0: 9.1.19+25d1a67604
[20:06:58] [main/INFO] - fabric-convention-tags-v1: 2.1.20+7f945d5b04
[20:06:58] [main/INFO] - fabric-convention-tags-v2: 2.14.1+1edcd29104
[20:06:58] [main/INFO] - fabric-crash-report-info-v1: 0.3.6+7feeb73304
[20:06:58] [main/INFO] - fabric-data-attachment-api-v1: 1.6.2+e99da0f704
[20:06:58] [main/INFO] - fabric-data-generation-api-v1: 22.3.1+0f4e5f5504
[20:06:58] [main/INFO] - fabric-dimensions-v1: 4.0.10+7feeb73304
[20:06:58] [main/INFO] - fabric-entity-events-v1: 2.0.15+62245bef04
[20:06:58] [main/INFO] - fabric-events-interaction-v0: 4.0.4+a4eebcf004
[20:06:58] [main/INFO] - fabric-game-rule-api-v1: 1.0.63+7d48d43904
[20:06:58] [main/INFO] - fabric-item-api-v1: 11.3.0+ee91fa1f04
[20:06:58] [main/INFO] - fabric-item-group-api-v1: 4.2.2+fcb9601404
[20:06:58] [main/INFO] - fabric-language-kotlin: 1.13.2+kotlin.2.1.20
[20:06:58] [main/INFO] - fabric-lifecycle-events-v1: 2.5.4+bf2a60eb04
[20:06:58] [main/INFO] - fabric-loot-api-v2: 3.0.38+3f89f5a504
[20:06:58] [main/INFO] - fabric-loot-api-v3: 1.0.26+203e6b2304
[20:06:58] [main/INFO] - fabric-message-api-v1: 6.0.25+7feeb73304
[20:06:58] [main/INFO] - fabric-networking-api-v1: 4.4.0+db5e668204
[20:06:58] [main/INFO] - fabric-object-builder-api-v1: 18.0.14+38b0d59804
[20:06:58] [main/INFO] - fabric-particles-v1: 4.0.14+7feeb73304
[20:06:58] [main/INFO] - fabric-permissions-api-v0: 0.3.3
[20:06:58] [main/INFO] - fabric-recipe-api-v1: 8.1.1+640e77ae04
[20:06:58] [main/INFO] - fabric-registry-sync-v0: 6.1.11+4a9c1ece04
[20:06:58] [main/INFO] - fabric-rendering-data-attachment-v1: 0.3.58+73761d2e04
[20:06:58] [main/INFO] - fabric-rendering-fluids-v1: 3.1.19+7feeb73304
[20:06:58] [main/INFO] - fabric-resource-conditions-api-v1: 5.0.13+203e6b2304
[20:06:58] [main/INFO] - fabric-resource-loader-v0: 3.1.1+360374ac04
[20:06:58] [main/INFO] - fabric-screen-handler-api-v1: 1.3.118+7feeb73304
[20:06:58] [main/INFO] - fabric-tag-api-v1: 1.0.7+7d48d43904
[20:06:58] [main/INFO] - fabric-transfer-api-v1: 5.4.9+efa825c904
[20:06:58] [main/INFO] - fabric-transitive-access-wideners-v1: 6.3.2+56e78b9b04
[20:06:58] [main/INFO] - fabricloader: 0.16.10
[20:06:58] [main/INFO] - fabrictailor: 2.6.3
[20:06:58] [main/INFO] - fallingtree: 1.21.4.1
[20:06:58] [main/INFO] - ferritecore: 7.1.1
[20:06:58] [main/INFO] - forgeconfigapiport: 21.4.1
[20:06:58] [main/INFO] - glitchcore: 2.3.0.4
[20:06:58] [main/INFO] - incendium: 5.4.3
[20:06:58] [main/INFO] - jade: 17.2.2+fabric
[20:06:58] [main/INFO] - java: 21
[20:06:58] [main/INFO] - journeymap: 1.21.4-6.0.0-beta.43
[20:06:58] [main/INFO] - journeymap-api-fabric: 2.0.0-1.21.4-SNAPSHOT
[20:06:58] [main/INFO] - justzoom: 2.1.0
[20:06:58] [main/INFO] - konkrete: 1.9.9
[20:06:58] [main/INFO] - kuma_api: 21.4.6
[20:06:58] [main/INFO] - libraryferret: 4.0.0
[20:06:58] [main/INFO] - lithostitched: 1.4.4
[20:06:58] [main/INFO] - mcwdoors: 1.1.2
[20:06:58] [main/INFO] - mcwpaintings: 1.0.5
[20:06:58] [main/INFO] - mcwpaths: 1.1.0
[20:06:58] [main/INFO] - mcwtrpdoors: 1.1.4
[20:06:58] [main/INFO] - midnightlib: 1.7.0
[20:06:58] [main/INFO] - mine-spawners: 1.5.1
[20:06:58] [main/INFO] - minecraft: 1.21.4
[20:06:58] [main/INFO] - mixinextras: 0.4.1
[20:06:58] [main/INFO] - mixinsquared: 0.1.2-beta.4
[20:06:58] [main/INFO] - modernfix: 5.20.3+mc1.21.4
[20:06:58] [main/INFO] - mr_vanilla_backpacks: 1.3.1.1
[20:06:58] [main/INFO] - net_jodah_typetools: 0.6.3
[20:06:58] [main/INFO] - net_neoforged_bus: 7.2.0
[20:06:58] [main/INFO] - org_jetbrains_kotlin_kotlin-reflect: 2.1.20
[20:06:58] [main/INFO] - org_jetbrains_kotlin_kotlin-stdlib: 2.1.20
[20:06:58] [main/INFO] - org_jetbrains_kotlin_kotlin-stdlib-jdk7: 2.1.20
[20:06:58] [main/INFO] - org_jetbrains_kotlin_kotlin-stdlib-jdk8: 2.1.20
[20:06:58] [main/INFO] - org_jetbrains_kotlinx_atomicfu-jvm: 0.27.0
[20:06:58] [main/INFO] - org_jetbrains_kotlinx_kotlinx-coroutines-core-jvm: 1.10.1
[20:06:58] [main/INFO] - org_jetbrains_kotlinx_kotlinx-coroutines-jdk8: 1.10.1
[20:06:58] [main/INFO] - org_jetbrains_kotlinx_kotlinx-datetime-jvm: 0.6.2
[20:06:58] [main/INFO] - org_jetbrains_kotlinx_kotlinx-io-bytestring-jvm: 0.7.0
[20:06:58] [main/INFO] - org_jetbrains_kotlinx_kotlinx-io-core-jvm: 0.7.0
[20:06:58] [main/INFO] - org_jetbrains_kotlinx_kotlinx-serialization-cbor-jvm: 1.8.0
[20:06:58] [main/INFO] - org_jetbrains_kotlinx_kotlinx-serialization-core-jvm: 1.8.0
[20:06:58] [main/INFO] - org_jetbrains_kotlinx_kotlinx-serialization-json-jvm: 1.8.0
[20:06:58] [main/INFO] - org_quiltmc_parsers_gson: 0.2.1
[20:06:58] [main/INFO] - org_quiltmc_parsers_json: 0.2.1
[20:06:58] [main/INFO] - packet_tweaker: 0.6.0-pre.1+1.21.2-pre3
[20:06:58] [main/INFO] - placeholder-api: 2.5.1+1.21.3
[20:06:58] [main/INFO] - polymer-common: 0.11.0+1.21.4-rc1
[20:06:58] [main/INFO] - polymer-core: 0.11.0+1.21.4-rc1
[20:06:58] [main/INFO] - polymer-networking: 0.11.0+1.21.4-rc1
[20:06:58] [main/INFO] - polymer-registry-sync-manipulator: 0.11.0+1.21.4-rc1
[20:06:58] [main/INFO] - polymer-resource-pack: 0.11.0+1.21.4-rc1
[20:06:58] [main/INFO] - polymer-virtual-entity: 0.11.0+1.21.4-rc1
[20:06:58] [main/INFO] - predicate-api: 0.6.0+1.21.2
[20:06:58] [main/INFO] - puzzleslib: 21.4.13
[20:06:58] [main/INFO] - pyrotechnic_elytra: 1.0.1
[20:06:58] [main/INFO] - repurposed_structures: 7.5.15+1.21.4-fabric
[20:06:58] [main/INFO] - roughlyenoughitems: 18.0.798
[20:06:58] [main/INFO] - sereneseasons: 10.4.0.6
[20:06:58] [main/INFO] - server_translations_api: 2.4.0+1.21.2-rc1
[20:06:58] [main/INFO] - sgui: 1.8.0+1.21.4
[20:06:58] [main/INFO] - skinlayers3d: 1.7.5
[20:06:58] [main/INFO] - tectonic: 2.4.3
[20:06:58] [main/INFO] - terralith: 2.5.8
[20:06:58] [main/INFO] - universal-graves: 3.6.0+1.21.4
[20:06:58] [main/INFO] - waystones: 21.4.10
[20:06:58] [main/INFO] - weaponmaster_ydm: 4.2.7
[20:06:58] [main/INFO] - yet_another_config_lib_v3: 3.6.6+1.21.4-fabric
[20:06:58] [main/INFO] ========================================
[20:06:58] [main/INFO] [REI] Registered plugin provider DefaultPlugin [roughlyenoughitems] for REICommonPlugin
[20:06:58] [main/INFO] [REI] Registered plugin provider DefaultRuntimePlugin [roughlyenoughitems] for REICommonPlugin
[20:06:58] [main/INFO] [REI] Registered plugin provider FabricFluidAPISupportPlugin for REICommonPlugin
[20:07:00] [main/DEBUG] [REI] Processed 479 tags in 4.107 ms for minecraft:item
[20:07:00] [main/DEBUG] [REI] Processed 412 tags in 4.567 ms for minecraft:block
[20:07:00] [main/DEBUG] [REI] Processed 3 tags in 25.12 μs for minecraft:point_of_interest_type
[20:07:00] [main/DEBUG] [REI] Processed 50 tags in 219.5 μs for minecraft:entity_type
[20:07:00] [main/DEBUG] [REI] Processed 2 tags in 17.02 μs for minecraft:cat_variant
[20:07:00] [main/DEBUG] [REI] Processed 5 tags in 19.27 μs for minecraft:fluid
[20:07:00] [main/DEBUG] [REI] Processed 5 tags in 57.40 μs for minecraft:game_event
[20:07:08] [Server thread/DEBUG] [REI] Starting Reload Plugins of stage null
java.lang.Throwable
	at knot//me.shedaniel.rei.impl.common.plugins.ReloadManagerImpl.reloadPlugins(ReloadManagerImpl.java:110)
	at knot//me.shedaniel.rei.RoughlyEnoughItemsCore.lambda$onInitialize$4(RoughlyEnoughItemsCore.java:153)
	at knot//dev.architectury.event.fabric.EventHandlerImpl.lambda$registerCommon$10(EventHandlerImpl.java:67)
	at knot//net.fabricmc.fabric.api.event.lifecycle.v1.ServerLifecycleEvents.lambda$static$2(ServerLifecycleEvents.java:49)
	at knot//net.minecraft.server.MinecraftServer.handler$zld000$fabric-lifecycle-events-v1$afterSetupServer(MinecraftServer.java:3704)
	at knot//net.minecraft.server.MinecraftServer.method_29741(MinecraftServer.java:682)
	at knot//net.minecraft.server.MinecraftServer.method_29739(MinecraftServer.java:292)
	at java.base/java.lang.Thread.run(Thread.java:1583)
[20:07:08] [Server thread/DEBUG] [REI] ========================================
[20:07:08] [Server thread/DEBUG] [REI] REICommonPlugin starting pre-reload for START.
[20:07:08] [Server thread/DEBUG] [REI] Reloadables (8):
[20:07:08] [Server thread/DEBUG] [REI]  - SlotAccessorRegistryImpl
[20:07:08] [Server thread/DEBUG] [REI]  - EntryTypeRegistryImpl
[20:07:08] [Server thread/DEBUG] [REI]  - EntrySettingsAdapterRegistryImpl
[20:07:08] [Server thread/DEBUG] [REI]  - ItemComparatorRegistryImpl
[20:07:08] [Server thread/DEBUG] [REI]  - FluidComparatorRegistryImpl
[20:07:08] [Server thread/DEBUG] [REI]  - DisplaySerializerRegistryImpl
[20:07:08] [Server thread/DEBUG] [REI]  - ServerDisplayRegistryImpl
[20:07:08] [Server thread/DEBUG] [REI]  - FluidSupportProviderImpl
[20:07:08] [Server thread/DEBUG] [REI] Plugins (3):
[20:07:08] [Server thread/DEBUG] [REI]  - (-100.00) DefaultPlugin of DefaultPlugin [roughlyenoughitems]
[20:07:08] [Server thread/DEBUG] [REI]  - (0.00) FabricFluidAPISupportPlugin
[20:07:08] [Server thread/DEBUG] [REI]  - (0.00) DefaultRuntimePlugin of DefaultRuntimePlugin [roughlyenoughitems]
[20:07:08] [Server thread/DEBUG] [REI] ========================================
[20:07:08] [Server thread/TRACE] [REI] [REICommonPlugin START] Reloading Section: "pre-register/"
[20:07:08] [Server thread/TRACE] [REI] [REICommonPlugin START] Reloading Section: "pre-register/DefaultPlugin of DefaultPlugin [roughlyenoughitems]/"
[20:07:08] [Server thread/TRACE] [REI] [REICommonPlugin START] Reloading Section: "pre-register/DefaultPlugin of DefaultPlugin [roughlyenoughitems]/" done in 1.214 ms
[20:07:08] [Server thread/TRACE] [REI] [REICommonPlugin START] Reloading Section: "pre-register/FabricFluidAPISupportPlugin/"
[20:07:08] [Server thread/TRACE] [REI] [REICommonPlugin START] Reloading Section: "pre-register/FabricFluidAPISupportPlugin/" done in 63.78 μs
[20:07:08] [Server thread/TRACE] [REI] [REICommonPlugin START] Reloading Section: "pre-register/DefaultRuntimePlugin of DefaultRuntimePlugin [roughlyenoughitems]/"
[20:07:08] [Server thread/TRACE] [REI] [REICommonPlugin START] Reloading Section: "pre-register/DefaultRuntimePlugin of DefaultRuntimePlugin [roughlyenoughitems]/" done in 52.36 μs
[20:07:08] [Server thread/TRACE] [REI] [REICommonPlugin START] Reloading Section: "pre-register/" done in 10.39 ms
[20:07:08] [Server thread/TRACE] [REI] [REICommonPlugin START] Reloading Section: "pre-stage/"
[20:07:08] [Server thread/TRACE] [REI] [REICommonPlugin START] Reloading Section: "pre-stage/SlotAccessorRegistryImpl/"
[20:07:08] [Server thread/TRACE] [REI] [REICommonPlugin START] Reloading Section: "pre-stage/SlotAccessorRegistryImpl/" done in 225.4 μs
[20:07:08] [Server thread/TRACE] [REI] [REICommonPlugin START] Reloading Section: "pre-stage/EntryTypeRegistryImpl/"
[20:07:08] [Server thread/TRACE] [REI] [REICommonPlugin START] Reloading Section: "pre-stage/EntryTypeRegistryImpl/" done in 44.81 μs
[20:07:08] [Server thread/TRACE] [REI] [REICommonPlugin START] Reloading Section: "pre-stage/EntrySettingsAdapterRegistryImpl/"
[20:07:08] [Server thread/TRACE] [REI] [REICommonPlugin START] Reloading Section: "pre-stage/EntrySettingsAdapterRegistryImpl/" done in 39.66 μs
[20:07:08] [Server thread/TRACE] [REI] [REICommonPlugin START] Reloading Section: "pre-stage/ItemComparatorRegistryImpl/"
[20:07:08] [Server thread/TRACE] [REI] [REICommonPlugin START] Reloading Section: "pre-stage/ItemComparatorRegistryImpl/" done in 37.98 μs
[20:07:08] [Server thread/TRACE] [REI] [REICommonPlugin START] Reloading Section: "pre-stage/FluidComparatorRegistryImpl/"
[20:07:08] [Server thread/TRACE] [REI] [REICommonPlugin START] Reloading Section: "pre-stage/FluidComparatorRegistryImpl/" done in 35.12 μs
[20:07:08] [Server thread/TRACE] [REI] [REICommonPlugin START] Reloading Section: "pre-stage/DisplaySerializerRegistryImpl/"
[20:07:08] [Server thread/TRACE] [REI] [REICommonPlugin START] Reloading Section: "pre-stage/DisplaySerializerRegistryImpl/" done in 32.30 μs
[20:07:08] [Server thread/TRACE] [REI] [REICommonPlugin START] Reloading Section: "pre-stage/ServerDisplayRegistryImpl/"
[20:07:08] [Server thread/TRACE] [REI] [REICommonPlugin START] Reloading Section: "pre-stage/ServerDisplayRegistryImpl/" done in 57.83 μs
[20:07:08] [Server thread/TRACE] [REI] [REICommonPlugin START] Reloading Section: "pre-stage/FluidSupportProviderImpl/"
[20:07:08] [Server thread/TRACE] [REI] [REICommonPlugin START] Reloading Section: "pre-stage/FluidSupportProviderImpl/" done in 38.62 μs
[20:07:08] [Server thread/TRACE] [REI] [REICommonPlugin START] Reloading Section: "pre-stage/" done in 1.293 ms
[20:07:08] [Server thread/DEBUG] [REI] ========================================
[20:07:08] [Server thread/DEBUG] [REI] REICommonPlugin finished pre-reload for START in 12.29 ms.
[20:07:08] [Server thread/DEBUG] [REI] ========================================
[20:07:08] [Server thread/INFO] [REI] ========================================
[20:07:08] [Server thread/INFO] [REI] REICommonPlugin starting main-reload for START.
[20:07:08] [Server thread/DEBUG] [REI] Reloadables (8):
[20:07:08] [Server thread/DEBUG] [REI]  - SlotAccessorRegistryImpl
[20:07:08] [Server thread/DEBUG] [REI]  - EntryTypeRegistryImpl
[20:07:08] [Server thread/DEBUG] [REI]  - EntrySettingsAdapterRegistryImpl
[20:07:08] [Server thread/DEBUG] [REI]  - ItemComparatorRegistryImpl
[20:07:08] [Server thread/DEBUG] [REI]  - FluidComparatorRegistryImpl
[20:07:08] [Server thread/DEBUG] [REI]  - DisplaySerializerRegistryImpl
[20:07:08] [Server thread/DEBUG] [REI]  - ServerDisplayRegistryImpl
[20:07:08] [Server thread/DEBUG] [REI]  - FluidSupportProviderImpl
[20:07:08] [Server thread/INFO] [REI] Plugins (3):
[20:07:08] [Server thread/INFO] [REI]  - (-100.00) DefaultPlugin of DefaultPlugin [roughlyenoughitems]
[20:07:08] [Server thread/INFO] [REI]  - (0.00) FabricFluidAPISupportPlugin
[20:07:08] [Server thread/INFO] [REI]  - (0.00) DefaultRuntimePlugin of DefaultRuntimePlugin [roughlyenoughitems]
[20:07:08] [Server thread/INFO] [REI] ========================================
[20:07:08] [Server thread/TRACE] [REI] [REICommonPlugin START] Reloading Section: "start-reload/"
[20:07:08] [Server thread/TRACE] [REI] [REICommonPlugin START] Reloading Section: "start-reload/SlotAccessorRegistryImpl/"
[20:07:08] [Server thread/TRACE] [REI] [REICommonPlugin START] Reloading Section: "start-reload/SlotAccessorRegistryImpl/" done in 181.7 μs
[20:07:08] [Server thread/TRACE] [REI] [REICommonPlugin START] Reloading Section: "start-reload/EntryTypeRegistryImpl/"
[20:07:08] [Server thread/TRACE] [REI] [REICommonPlugin START] Reloading Section: "start-reload/EntryTypeRegistryImpl/" done in 170.0 μs
[20:07:08] [Server thread/TRACE] [REI] [REICommonPlugin START] Reloading Section: "start-reload/EntrySettingsAdapterRegistryImpl/"
[20:07:08] [Server thread/TRACE] [REI] [REICommonPlugin START] Reloading Section: "start-reload/EntrySettingsAdapterRegistryImpl/" done in 118.4 μs
[20:07:08] [Server thread/TRACE] [REI] [REICommonPlugin START] Reloading Section: "start-reload/ItemComparatorRegistryImpl/"
[20:07:08] [Server thread/TRACE] [REI] [REICommonPlugin START] Reloading Section: "start-reload/ItemComparatorRegistryImpl/" done in 150.4 μs
[20:07:08] [Server thread/TRACE] [REI] [REICommonPlugin START] Reloading Section: "start-reload/FluidComparatorRegistryImpl/"
[20:07:08] [Server thread/TRACE] [REI] [REICommonPlugin START] Reloading Section: "start-reload/FluidComparatorRegistryImpl/" done in 234.5 μs
[20:07:08] [Server thread/TRACE] [REI] [REICommonPlugin START] Reloading Section: "start-reload/DisplaySerializerRegistryImpl/"
[20:07:08] [Server thread/TRACE] [REI] [REICommonPlugin START] Reloading Section: "start-reload/DisplaySerializerRegistryImpl/" done in 153.6 μs
[20:07:08] [Server thread/TRACE] [REI] [REICommonPlugin START] Reloading Section: "start-reload/ServerDisplayRegistryImpl/"
[20:07:08] [Server thread/TRACE] [REI] [REICommonPlugin START] Reloading Section: "start-reload/ServerDisplayRegistryImpl/" done in 120.6 μs
[20:07:08] [Server thread/TRACE] [REI] [REICommonPlugin START] Reloading Section: "start-reload/FluidSupportProviderImpl/"
[20:07:08] [Server thread/TRACE] [REI] [REICommonPlugin START] Reloading Section: "start-reload/FluidSupportProviderImpl/" done in 150.4 μs
[20:07:08] [Server thread/TRACE] [REI] [REICommonPlugin START] Reloading Section: "start-reload/" done in 3.069 ms
[20:07:08] [Server thread/DEBUG] [REI] ========================================
[20:07:08] [Server thread/DEBUG] [REI] REICommonPlugin started main-reload for START.
[20:07:08] [Server thread/DEBUG] [REI] ========================================
[20:07:08] [Server thread/TRACE] [REI] [REICommonPlugin START] Reloading Section: "reloadable-plugin/SlotAccessorRegistryImpl/"
[20:07:08] [Server thread/TRACE] [REI] [REICommonPlugin START] Reloading Section: "reloadable-plugin/SlotAccessorRegistryImpl/DefaultPlugin of DefaultPlugin [roughlyenoughitems]/"
[20:07:08] [Server thread/TRACE] [REI] [REICommonPlugin START] Reloading Section: "reloadable-plugin/SlotAccessorRegistryImpl/DefaultPlugin of DefaultPlugin [roughlyenoughitems]/" done in 275.3 μs
[20:07:08] [Server thread/TRACE] [REI] [REICommonPlugin START] Reloading Section: "reloadable-plugin/SlotAccessorRegistryImpl/FabricFluidAPISupportPlugin/"
[20:07:08] [Server thread/TRACE] [REI] [REICommonPlugin START] Reloading Section: "reloadable-plugin/SlotAccessorRegistryImpl/FabricFluidAPISupportPlugin/" done in 52.62 μs
[20:07:08] [Server thread/TRACE] [REI] [REICommonPlugin START] Reloading Section: "reloadable-plugin/SlotAccessorRegistryImpl/DefaultRuntimePlugin of DefaultRuntimePlugin [roughlyenoughitems]/"
[20:07:08] [Server thread/TRACE] [REI] [REICommonPlugin START] Reloading Section: "reloadable-plugin/SlotAccessorRegistryImpl/DefaultRuntimePlugin of DefaultRuntimePlugin [roughlyenoughitems]/" done in 165.6 μs
[20:07:08] [Server thread/TRACE] [REI] [REICommonPlugin START] Reloading Section: "reloadable-plugin/SlotAccessorRegistryImpl/" done in 1.867 ms
[20:07:08] [Server thread/TRACE] [REI] [REICommonPlugin START] Reloading Section: "reloadable-plugin/EntryTypeRegistryImpl/"
[20:07:08] [Server thread/TRACE] [REI] [REICommonPlugin START] Reloading Section: "reloadable-plugin/EntryTypeRegistryImpl/DefaultPlugin of DefaultPlugin [roughlyenoughitems]/"
[20:07:08] [Server thread/TRACE] [REI] [REICommonPlugin START] Reloading Section: "reloadable-plugin/EntryTypeRegistryImpl/DefaultPlugin of DefaultPlugin [roughlyenoughitems]/" done in 179.8 μs
[20:07:08] [Server thread/TRACE] [REI] [REICommonPlugin START] Reloading Section: "reloadable-plugin/EntryTypeRegistryImpl/FabricFluidAPISupportPlugin/"
[20:07:08] [Server thread/TRACE] [REI] [REICommonPlugin START] Reloading Section: "reloadable-plugin/EntryTypeRegistryImpl/FabricFluidAPISupportPlugin/" done in 142.4 μs
[20:07:08] [Server thread/TRACE] [REI] [REICommonPlugin START] Reloading Section: "reloadable-plugin/EntryTypeRegistryImpl/DefaultRuntimePlugin of DefaultRuntimePlugin [roughlyenoughitems]/"
[20:07:08] [Server thread/TRACE] [REI] [REICommonPlugin START] Reloading Section: "reloadable-plugin/EntryTypeRegistryImpl/DefaultRuntimePlugin of DefaultRuntimePlugin [roughlyenoughitems]/" done in 5.660 ms
[20:07:08] [Server thread/TRACE] [REI] [REICommonPlugin START] Reloading Section: "reloadable-plugin/EntryTypeRegistryImpl/" done in 6.930 ms
[20:07:08] [Server thread/TRACE] [REI] [REICommonPlugin START] Reloading Section: "reloadable-plugin/EntrySettingsAdapterRegistryImpl/"
[20:07:08] [Server thread/TRACE] [REI] [REICommonPlugin START] Reloading Section: "reloadable-plugin/EntrySettingsAdapterRegistryImpl/DefaultPlugin of DefaultPlugin [roughlyenoughitems]/"
[20:07:08] [Server thread/TRACE] [REI] [REICommonPlugin START] Reloading Section: "reloadable-plugin/EntrySettingsAdapterRegistryImpl/DefaultPlugin of DefaultPlugin [roughlyenoughitems]/" done in 53.82 μs
[20:07:08] [Server thread/TRACE] [REI] [REICommonPlugin START] Reloading Section: "reloadable-plugin/EntrySettingsAdapterRegistryImpl/FabricFluidAPISupportPlugin/"
[20:07:08] [Server thread/TRACE] [REI] [REICommonPlugin START] Reloading Section: "reloadable-plugin/EntrySettingsAdapterRegistryImpl/FabricFluidAPISupportPlugin/" done in 43.65 μs
[20:07:08] [Server thread/TRACE] [REI] [REICommonPlugin START] Reloading Section: "reloadable-plugin/EntrySettingsAdapterRegistryImpl/DefaultRuntimePlugin of DefaultRuntimePlugin [roughlyenoughitems]/"
[20:07:08] [Server thread/TRACE] [REI] [REICommonPlugin START] Reloading Section: "reloadable-plugin/EntrySettingsAdapterRegistryImpl/DefaultRuntimePlugin of DefaultRuntimePlugin [roughlyenoughitems]/" done in 54.22 μs
[20:07:08] [Server thread/TRACE] [REI] [REICommonPlugin START] Reloading Section: "reloadable-plugin/EntrySettingsAdapterRegistryImpl/" done in 595.3 μs
[20:07:08] [Server thread/TRACE] [REI] [REICommonPlugin START] Reloading Section: "reloadable-plugin/ItemComparatorRegistryImpl/"
[20:07:08] [Server thread/TRACE] [REI] [REICommonPlugin START] Reloading Section: "reloadable-plugin/ItemComparatorRegistryImpl/DefaultPlugin of DefaultPlugin [roughlyenoughitems]/"
[20:07:08] [Server thread/TRACE] [REI] [REICommonPlugin START] Reloading Section: "reloadable-plugin/ItemComparatorRegistryImpl/DefaultPlugin of DefaultPlugin [roughlyenoughitems]/" done in 828.7 μs
[20:07:08] [Server thread/TRACE] [REI] [REICommonPlugin START] Reloading Section: "reloadable-plugin/ItemComparatorRegistryImpl/FabricFluidAPISupportPlugin/"
[20:07:08] [Server thread/TRACE] [REI] [REICommonPlugin START] Reloading Section: "reloadable-plugin/ItemComparatorRegistryImpl/FabricFluidAPISupportPlugin/" done in 76.83 μs
[20:07:08] [Server thread/TRACE] [REI] [REICommonPlugin START] Reloading Section: "reloadable-plugin/ItemComparatorRegistryImpl/DefaultRuntimePlugin of DefaultRuntimePlugin [roughlyenoughitems]/"
[20:07:08] [Server thread/TRACE] [REI] [REICommonPlugin START] Reloading Section: "reloadable-plugin/ItemComparatorRegistryImpl/DefaultRuntimePlugin of DefaultRuntimePlugin [roughlyenoughitems]/" done in 91.62 μs
[20:07:08] [Server thread/TRACE] [REI] [REICommonPlugin START] Reloading Section: "reloadable-plugin/ItemComparatorRegistryImpl/" done in 1.492 ms
[20:07:08] [Server thread/TRACE] [REI] [REICommonPlugin START] Reloading Section: "reloadable-plugin/FluidComparatorRegistryImpl/"
[20:07:08] [Server thread/TRACE] [REI] [REICommonPlugin START] Reloading Section: "reloadable-plugin/FluidComparatorRegistryImpl/DefaultPlugin of DefaultPlugin [roughlyenoughitems]/"
[20:07:08] [Server thread/TRACE] [REI] [REICommonPlugin START] Reloading Section: "reloadable-plugin/FluidComparatorRegistryImpl/DefaultPlugin of DefaultPlugin [roughlyenoughitems]/" done in 53.60 μs
[20:07:08] [Server thread/TRACE] [REI] [REICommonPlugin START] Reloading Section: "reloadable-plugin/FluidComparatorRegistryImpl/FabricFluidAPISupportPlugin/"
[20:07:08] [Server thread/TRACE] [REI] [REICommonPlugin START] Reloading Section: "reloadable-plugin/FluidComparatorRegistryImpl/FabricFluidAPISupportPlugin/" done in 60.91 μs
[20:07:08] [Server thread/TRACE] [REI] [REICommonPlugin START] Reloading Section: "reloadable-plugin/FluidComparatorRegistryImpl/DefaultRuntimePlugin of DefaultRuntimePlugin [roughlyenoughitems]/"
[20:07:08] [Server thread/TRACE] [REI] [REICommonPlugin START] Reloading Section: "reloadable-plugin/FluidComparatorRegistryImpl/DefaultRuntimePlugin of DefaultRuntimePlugin [roughlyenoughitems]/" done in 55.68 μs
[20:07:08] [Server thread/TRACE] [REI] [REICommonPlugin START] Reloading Section: "reloadable-plugin/FluidComparatorRegistryImpl/" done in 570.9 μs
[20:07:08] [Server thread/TRACE] [REI] [REICommonPlugin START] Reloading Section: "reloadable-plugin/DisplaySerializerRegistryImpl/"
[20:07:08] [Server thread/TRACE] [REI] [REICommonPlugin START] Reloading Section: "reloadable-plugin/DisplaySerializerRegistryImpl/DefaultPlugin of DefaultPlugin [roughlyenoughitems]/"
[20:07:08] [Server thread/DEBUG] [REI] Added display serializer [minecraft:client/crafting/shaped] me.shedaniel.rei.api.common.display.DisplaySerializer$1@7b01062e
[20:07:08] [Server thread/DEBUG] [REI] Added display serializer [minecraft:client/crafting/shapeless] me.shedaniel.rei.api.common.display.DisplaySerializer$1@2b39b0d6
[20:07:08] [Server thread/DEBUG] [REI] Added display serializer [minecraft:client/smelting] me.shedaniel.rei.api.common.display.DisplaySerializer$1@776dd139
[20:07:08] [Server thread/DEBUG] [REI] Added display serializer [minecraft:client/smoking] me.shedaniel.rei.api.common.display.DisplaySerializer$1@52d4a439
[20:07:08] [Server thread/DEBUG] [REI] Added display serializer [minecraft:client/blasting] me.shedaniel.rei.api.common.display.DisplaySerializer$1@10b7dd73
[20:07:08] [Server thread/DEBUG] [REI] Added display serializer [minecraft:default/crafting/shaped] me.shedaniel.rei.api.common.display.DisplaySerializer$1@1f713c6e
[20:07:08] [Server thread/DEBUG] [REI] Added display serializer [minecraft:default/crafting/shapeless] me.shedaniel.rei.api.common.display.DisplaySerializer$1@298fd25f
[20:07:08] [Server thread/DEBUG] [REI] Added display serializer [minecraft:default/crafting/custom] me.shedaniel.rei.api.common.display.DisplaySerializer$1@622f4b12
[20:07:08] [Server thread/DEBUG] [REI] Added display serializer [minecraft:default/crafting/custom_shaped] me.shedaniel.rei.api.common.display.DisplaySerializer$1@43b57288
[20:07:08] [Server thread/DEBUG] [REI] Added display serializer [minecraft:default/crafting/custom_shapeless] me.shedaniel.rei.api.common.display.DisplaySerializer$1@3eff8ddc
[20:07:08] [Server thread/DEBUG] [REI] Added display serializer [minecraft:extension/crafting/map_extending] me.shedaniel.rei.api.common.display.DisplaySerializer$1@490d4c79
[20:07:08] [Server thread/DEBUG] [REI] Added display serializer [minecraft:default/smelting] me.shedaniel.rei.api.common.display.DisplaySerializer$1@7e72636
[20:07:08] [Server thread/DEBUG] [REI] Added display serializer [minecraft:default/smoking] me.shedaniel.rei.api.common.display.DisplaySerializer$1@27620415
[20:07:08] [Server thread/DEBUG] [REI] Added display serializer [minecraft:default/blasting] me.shedaniel.rei.api.common.display.DisplaySerializer$1@6f1c4e96
[20:07:08] [Server thread/DEBUG] [REI] Added display serializer [minecraft:default/campfire] me.shedaniel.rei.api.common.display.DisplaySerializer$1@667d1014
[20:07:08] [Server thread/DEBUG] [REI] Added display serializer [minecraft:default/stone_cutting] me.shedaniel.rei.api.common.display.DisplaySerializer$1@312d94f2
[20:07:08] [Server thread/DEBUG] [REI] Added display serializer [minecraft:default/stripping] me.shedaniel.rei.api.common.display.DisplaySerializer$1@5a607577
[20:07:08] [Server thread/DEBUG] [REI] Added display serializer [minecraft:default/brewing] me.shedaniel.rei.api.common.display.DisplaySerializer$1@259fc1f1
[20:07:08] [Server thread/DEBUG] [REI] Added display serializer [minecraft:default/composting] me.shedaniel.rei.api.common.display.DisplaySerializer$1@78a2b6f5
[20:07:08] [Server thread/DEBUG] [REI] Added display serializer [minecraft:default/fuel] me.shedaniel.rei.api.common.display.DisplaySerializer$1@3a10e426
[20:07:08] [Server thread/DEBUG] [REI] Added display serializer [minecraft:default/smithing] me.shedaniel.rei.api.common.display.DisplaySerializer$1@6e02a001
[20:07:08] [Server thread/DEBUG] [REI] Added display serializer [minecraft:default/anvil] me.shedaniel.rei.api.common.display.DisplaySerializer$1@3b8fd37b
[20:07:08] [Server thread/DEBUG] [REI] Added display serializer [minecraft:default/beacon_base] me.shedaniel.rei.api.common.display.DisplaySerializer$1@3ad142db
[20:07:08] [Server thread/DEBUG] [REI] Added display serializer [minecraft:default/beacon_payment] me.shedaniel.rei.api.common.display.DisplaySerializer$1@45c2a678
[20:07:08] [Server thread/DEBUG] [REI] Added display serializer [minecraft:default/tilling] me.shedaniel.rei.api.common.display.DisplaySerializer$1@19004f06
[20:07:08] [Server thread/DEBUG] [REI] Added display serializer [minecraft:default/pathing] me.shedaniel.rei.api.common.display.DisplaySerializer$1@6be6c2aa
[20:07:08] [Server thread/DEBUG] [REI] Added display serializer [minecraft:default/waxing] me.shedaniel.rei.api.common.display.DisplaySerializer$1@dcd7a45
[20:07:08] [Server thread/DEBUG] [REI] Added display serializer [minecraft:default/waxing_scraping] me.shedaniel.rei.api.common.display.DisplaySerializer$1@6e4e0bc7
[20:07:08] [Server thread/DEBUG] [REI] Added display serializer [minecraft:default/oxidizing] me.shedaniel.rei.api.common.display.DisplaySerializer$1@4299184e
[20:07:08] [Server thread/DEBUG] [REI] Added display serializer [minecraft:default/oxidizing_scraping] me.shedaniel.rei.api.common.display.DisplaySerializer$1@7eea859c
[20:07:08] [Server thread/DEBUG] [REI] Added display serializer [roughlyenoughitems:default/information] me.shedaniel.rei.api.common.display.DisplaySerializer$1@44c09f6c
[20:07:08] [Server thread/TRACE] [REI] [REICommonPlugin START] Reloading Section: "reloadable-plugin/DisplaySerializerRegistryImpl/DefaultPlugin of DefaultPlugin [roughlyenoughitems]/" done in 102.3 ms
[20:07:08] [Server thread/TRACE] [REI] [REICommonPlugin START] Reloading Section: "reloadable-plugin/DisplaySerializerRegistryImpl/FabricFluidAPISupportPlugin/"
[20:07:08] [Server thread/TRACE] [REI] [REICommonPlugin START] Reloading Section: "reloadable-plugin/DisplaySerializerRegistryImpl/FabricFluidAPISupportPlugin/" done in 79.70 μs
[20:07:08] [Server thread/TRACE] [REI] [REICommonPlugin START] Reloading Section: "reloadable-plugin/DisplaySerializerRegistryImpl/DefaultRuntimePlugin of DefaultRuntimePlugin [roughlyenoughitems]/"
[20:07:08] [Server thread/TRACE] [REI] [REICommonPlugin START] Reloading Section: "reloadable-plugin/DisplaySerializerRegistryImpl/DefaultRuntimePlugin of DefaultRuntimePlugin [roughlyenoughitems]/" done in 52.01 μs
[20:07:08] [Server thread/TRACE] [REI] [REICommonPlugin START] Reloading Section: "reloadable-plugin/DisplaySerializerRegistryImpl/" done in 103.0 ms
[20:07:08] [Server thread/TRACE] [REI] [REICommonPlugin START] Reloading Section: "reloadable-plugin/ServerDisplayRegistryImpl/"
[20:07:08] [Server thread/TRACE] [REI] [REICommonPlugin START] Reloading Section: "reloadable-plugin/ServerDisplayRegistryImpl/DefaultPlugin of DefaultPlugin [roughlyenoughitems]/"
[20:07:08] [Server thread/TRACE] [REI] [REICommonPlugin START] Reloading Section: "reloadable-plugin/ServerDisplayRegistryImpl/DefaultPlugin of DefaultPlugin [roughlyenoughitems]/" done in 53.74 μs
[20:07:08] [Server thread/TRACE] [REI] [REICommonPlugin START] Reloading Section: "reloadable-plugin/ServerDisplayRegistryImpl/FabricFluidAPISupportPlugin/"
[20:07:08] [Server thread/TRACE] [REI] [REICommonPlugin START] Reloading Section: "reloadable-plugin/ServerDisplayRegistryImpl/FabricFluidAPISupportPlugin/" done in 52.80 μs
[20:07:08] [Server thread/TRACE] [REI] [REICommonPlugin START] Reloading Section: "reloadable-plugin/ServerDisplayRegistryImpl/DefaultRuntimePlugin of DefaultRuntimePlugin [roughlyenoughitems]/"
[20:07:08] [Server thread/TRACE] [REI] [REICommonPlugin START] Reloading Section: "reloadable-plugin/ServerDisplayRegistryImpl/DefaultRuntimePlugin of DefaultRuntimePlugin [roughlyenoughitems]/" done in 49.89 μs
[20:07:08] [Server thread/TRACE] [REI] [REICommonPlugin START] Reloading Section: "reloadable-plugin/ServerDisplayRegistryImpl/" done in 542.3 μs
[20:07:08] [Server thread/TRACE] [REI] [REICommonPlugin START] Reloading Section: "reloadable-plugin/FluidSupportProviderImpl/"
[20:07:08] [Server thread/TRACE] [REI] [REICommonPlugin START] Reloading Section: "reloadable-plugin/FluidSupportProviderImpl/DefaultPlugin of DefaultPlugin [roughlyenoughitems]/"
[20:07:08] [Server thread/TRACE] [REI] [REICommonPlugin START] Reloading Section: "reloadable-plugin/FluidSupportProviderImpl/DefaultPlugin of DefaultPlugin [roughlyenoughitems]/" done in 527.2 μs
[20:07:08] [Server thread/TRACE] [REI] [REICommonPlugin START] Reloading Section: "reloadable-plugin/FluidSupportProviderImpl/FabricFluidAPISupportPlugin/"
[20:07:08] [Server thread/TRACE] [REI] [REICommonPlugin START] Reloading Section: "reloadable-plugin/FluidSupportProviderImpl/FabricFluidAPISupportPlugin/" done in 198.6 μs
[20:07:08] [Server thread/TRACE] [REI] [REICommonPlugin START] Reloading Section: "reloadable-plugin/FluidSupportProviderImpl/DefaultRuntimePlugin of DefaultRuntimePlugin [roughlyenoughitems]/"
[20:07:08] [Server thread/TRACE] [REI] [REICommonPlugin START] Reloading Section: "reloadable-plugin/FluidSupportProviderImpl/DefaultRuntimePlugin of DefaultRuntimePlugin [roughlyenoughitems]/" done in 50.45 μs
[20:07:08] [Server thread/TRACE] [REI] [REICommonPlugin START] Reloading Section: "reloadable-plugin/FluidSupportProviderImpl/" done in 1.169 ms
[20:07:08] [Server thread/DEBUG] [REI] ========================================
[20:07:08] [Server thread/DEBUG] [REI] REICommonPlugin ending main-reload for START.
[20:07:08] [Server thread/DEBUG] [REI] ========================================
[20:07:08] [Server thread/TRACE] [REI] [REICommonPlugin START] Reloading Section: "end-reload/"
[20:07:08] [Server thread/TRACE] [REI] [REICommonPlugin START] Reloading Section: "end-reload/SlotAccessorRegistryImpl/"
[20:07:08] [Server thread/TRACE] [REI] [REICommonPlugin START] Reloading Section: "end-reload/SlotAccessorRegistryImpl/" done in 67.76 μs
[20:07:08] [Server thread/TRACE] [REI] [REICommonPlugin START] Reloading Section: "end-reload/EntryTypeRegistryImpl/"
[20:07:08] [Server thread/TRACE] [REI] [REICommonPlugin START] Reloading Section: "end-reload/EntryTypeRegistryImpl/" done in 54.22 μs
[20:07:08] [Server thread/TRACE] [REI] [REICommonPlugin START] Reloading Section: "end-reload/EntrySettingsAdapterRegistryImpl/"
[20:07:08] [Server thread/TRACE] [REI] [REICommonPlugin START] Reloading Section: "end-reload/EntrySettingsAdapterRegistryImpl/" done in 52.72 μs
[20:07:08] [Server thread/TRACE] [REI] [REICommonPlugin START] Reloading Section: "end-reload/ItemComparatorRegistryImpl/"
[20:07:08] [Server thread/TRACE] [REI] [REICommonPlugin START] Reloading Section: "end-reload/ItemComparatorRegistryImpl/" done in 54.19 μs
[20:07:08] [Server thread/TRACE] [REI] [REICommonPlugin START] Reloading Section: "end-reload/FluidComparatorRegistryImpl/"
[20:07:08] [Server thread/TRACE] [REI] [REICommonPlugin START] Reloading Section: "end-reload/FluidComparatorRegistryImpl/" done in 55.20 μs
[20:07:08] [Server thread/TRACE] [REI] [REICommonPlugin START] Reloading Section: "end-reload/DisplaySerializerRegistryImpl/"
[20:07:08] [Server thread/TRACE] [REI] [REICommonPlugin START] Reloading Section: "end-reload/DisplaySerializerRegistryImpl/" done in 44.33 μs
[20:07:08] [Server thread/TRACE] [REI] [REICommonPlugin START] Reloading Section: "end-reload/ServerDisplayRegistryImpl/"
[20:07:08] [Server thread/TRACE] [REI] [REICommonPlugin START] Reloading Section: "end-reload/ServerDisplayRegistryImpl/" done in 50.83 μs
[20:07:08] [Server thread/TRACE] [REI] [REICommonPlugin START] Reloading Section: "end-reload/FluidSupportProviderImpl/"
[20:07:08] [Server thread/TRACE] [REI] [REICommonPlugin START] Reloading Section: "end-reload/FluidSupportProviderImpl/" done in 49.27 μs
[20:07:08] [Server thread/TRACE] [REI] [REICommonPlugin START] Reloading Section: "end-reload/" done in 1.304 ms
[20:07:08] [Server thread/DEBUG] [REI] ========================================
[20:07:08] [Server thread/DEBUG] [REI] REICommonPlugin ended main-reload for START in 126.9 ms.
[20:07:08] [Server thread/DEBUG] [REI] ========================================
[20:07:08] [Server thread/DEBUG] [REI] ========================================
[20:07:08] [Server thread/DEBUG] [REI] REICommonPlugin starting post-reload for START.
[20:07:08] [Server thread/DEBUG] [REI] Reloadables (8):
[20:07:08] [Server thread/DEBUG] [REI]  - SlotAccessorRegistryImpl
[20:07:08] [Server thread/DEBUG] [REI]  - EntryTypeRegistryImpl
[20:07:08] [Server thread/DEBUG] [REI]  - EntrySettingsAdapterRegistryImpl
[20:07:08] [Server thread/DEBUG] [REI]  - ItemComparatorRegistryImpl
[20:07:08] [Server thread/DEBUG] [REI]  - FluidComparatorRegistryImpl
[20:07:08] [Server thread/DEBUG] [REI]  - DisplaySerializerRegistryImpl
[20:07:08] [Server thread/DEBUG] [REI]  - ServerDisplayRegistryImpl
[20:07:08] [Server thread/DEBUG] [REI]  - FluidSupportProviderImpl
[20:07:08] [Server thread/DEBUG] [REI] Plugins (3):
[20:07:08] [Server thread/DEBUG] [REI]  - (-100.00) DefaultPlugin of DefaultPlugin [roughlyenoughitems]
[20:07:08] [Server thread/DEBUG] [REI]  - (0.00) FabricFluidAPISupportPlugin
[20:07:08] [Server thread/DEBUG] [REI]  - (0.00) DefaultRuntimePlugin of DefaultRuntimePlugin [roughlyenoughitems]
[20:07:08] [Server thread/DEBUG] [REI] ========================================
[20:07:08] [Server thread/TRACE] [REI] [REICommonPlugin START] Reloading Section: "post-register/"
[20:07:08] [Server thread/TRACE] [REI] [REICommonPlugin START] Reloading Section: "post-register/DefaultPlugin of DefaultPlugin [roughlyenoughitems]/"
[20:07:08] [Server thread/TRACE] [REI] [REICommonPlugin START] Reloading Section: "post-register/DefaultPlugin of DefaultPlugin [roughlyenoughitems]/" done in 234.8 μs
[20:07:08] [Server thread/TRACE] [REI] [REICommonPlugin START] Reloading Section: "post-register/FabricFluidAPISupportPlugin/"
[20:07:08] [Server thread/TRACE] [REI] [REICommonPlugin START] Reloading Section: "post-register/FabricFluidAPISupportPlugin/" done in 68.03 μs
[20:07:08] [Server thread/TRACE] [REI] [REICommonPlugin START] Reloading Section: "post-register/DefaultRuntimePlugin of DefaultRuntimePlugin [roughlyenoughitems]/"
[20:07:08] [Server thread/TRACE] [REI] [REICommonPlugin START] Reloading Section: "post-register/DefaultRuntimePlugin of DefaultRuntimePlugin [roughlyenoughitems]/" done in 36.68 μs
[20:07:08] [Server thread/TRACE] [REI] [REICommonPlugin START] Reloading Section: "post-register/" done in 949.1 μs
[20:07:08] [Server thread/TRACE] [REI] [REICommonPlugin START] Reloading Section: "post-stage/"
[20:07:08] [Server thread/TRACE] [REI] [REICommonPlugin START] Reloading Section: "post-stage/SlotAccessorRegistryImpl/"
[20:07:08] [Server thread/TRACE] [REI] [REICommonPlugin START] Reloading Section: "post-stage/SlotAccessorRegistryImpl/" done in 45.80 μs
[20:07:08] [Server thread/TRACE] [REI] [REICommonPlugin START] Reloading Section: "post-stage/EntryTypeRegistryImpl/"
[20:07:08] [Server thread/TRACE] [REI] [REICommonPlugin START] Reloading Section: "post-stage/EntryTypeRegistryImpl/" done in 36.04 μs
[20:07:08] [Server thread/TRACE] [REI] [REICommonPlugin START] Reloading Section: "post-stage/EntrySettingsAdapterRegistryImpl/"
[20:07:08] [Server thread/TRACE] [REI] [REICommonPlugin START] Reloading Section: "post-stage/EntrySettingsAdapterRegistryImpl/" done in 87.58 μs
[20:07:08] [Server thread/TRACE] [REI] [REICommonPlugin START] Reloading Section: "post-stage/ItemComparatorRegistryImpl/"
[20:07:08] [Server thread/TRACE] [REI] [REICommonPlugin START] Reloading Section: "post-stage/ItemComparatorRegistryImpl/" done in 44.09 μs
[20:07:08] [Server thread/TRACE] [REI] [REICommonPlugin START] Reloading Section: "post-stage/FluidComparatorRegistryImpl/"
[20:07:08] [Server thread/TRACE] [REI] [REICommonPlugin START] Reloading Section: "post-stage/FluidComparatorRegistryImpl/" done in 34.25 μs
[20:07:08] [Server thread/TRACE] [REI] [REICommonPlugin START] Reloading Section: "post-stage/DisplaySerializerRegistryImpl/"
[20:07:08] [Server thread/TRACE] [REI] [REICommonPlugin START] Reloading Section: "post-stage/DisplaySerializerRegistryImpl/" done in 45.83 μs
[20:07:08] [Server thread/TRACE] [REI] [REICommonPlugin START] Reloading Section: "post-stage/ServerDisplayRegistryImpl/"
[20:07:08] [Server thread/TRACE] [REI] [REICommonPlugin START] Reloading Section: "post-stage/ServerDisplayRegistryImpl/" done in 43.46 μs
[20:07:08] [Server thread/TRACE] [REI] [REICommonPlugin START] Reloading Section: "post-stage/FluidSupportProviderImpl/"
[20:07:08] [Server thread/TRACE] [REI] [REICommonPlugin START] Reloading Section: "post-stage/FluidSupportProviderImpl/" done in 37.30 μs
[20:07:08] [Server thread/TRACE] [REI] [REICommonPlugin START] Reloading Section: "post-stage/" done in 1.083 ms
[20:07:08] [Server thread/DEBUG] [REI] ========================================
[20:07:08] [Server thread/INFO] [REI] REICommonPlugin finished post-reload for START in 2.172 ms, totaling 141.4 ms.
[20:07:08] [Server thread/DEBUG] [REI] ========================================
[20:07:08] [Server thread/DEBUG] [REI] ========================================
[20:07:08] [Server thread/DEBUG] [REI] REICommonPlugin starting pre-reload for END.
[20:07:08] [Server thread/DEBUG] [REI] Reloadables (8):
[20:07:08] [Server thread/DEBUG] [REI]  - SlotAccessorRegistryImpl
[20:07:08] [Server thread/DEBUG] [REI]  - EntryTypeRegistryImpl
[20:07:08] [Server thread/DEBUG] [REI]  - EntrySettingsAdapterRegistryImpl
[20:07:08] [Server thread/DEBUG] [REI]  - ItemComparatorRegistryImpl
[20:07:08] [Server thread/DEBUG] [REI]  - FluidComparatorRegistryImpl
[20:07:08] [Server thread/DEBUG] [REI]  - DisplaySerializerRegistryImpl
[20:07:08] [Server thread/DEBUG] [REI]  - ServerDisplayRegistryImpl
[20:07:08] [Server thread/DEBUG] [REI]  - FluidSupportProviderImpl
[20:07:08] [Server thread/DEBUG] [REI] Plugins (3):
[20:07:08] [Server thread/DEBUG] [REI]  - (-100.00) DefaultPlugin of DefaultPlugin [roughlyenoughitems]
[20:07:08] [Server thread/DEBUG] [REI]  - (0.00) FabricFluidAPISupportPlugin
[20:07:08] [Server thread/DEBUG] [REI]  - (0.00) DefaultRuntimePlugin of DefaultRuntimePlugin [roughlyenoughitems]
[20:07:08] [Server thread/DEBUG] [REI] ========================================
[20:07:08] [Server thread/TRACE] [REI] [REICommonPlugin END] Reloading Section: "pre-register/"
[20:07:08] [Server thread/TRACE] [REI] [REICommonPlugin END] Reloading Section: "pre-register/DefaultPlugin of DefaultPlugin [roughlyenoughitems]/"
[20:07:08] [Server thread/TRACE] [REI] [REICommonPlugin END] Reloading Section: "pre-register/DefaultPlugin of DefaultPlugin [roughlyenoughitems]/" done in 66.74 μs
[20:07:08] [Server thread/TRACE] [REI] [REICommonPlugin END] Reloading Section: "pre-register/FabricFluidAPISupportPlugin/"
[20:07:08] [Server thread/TRACE] [REI] [REICommonPlugin END] Reloading Section: "pre-register/FabricFluidAPISupportPlugin/" done in 54.84 μs
[20:07:08] [Server thread/TRACE] [REI] [REICommonPlugin END] Reloading Section: "pre-register/DefaultRuntimePlugin of DefaultRuntimePlugin [roughlyenoughitems]/"
[20:07:08] [Server thread/TRACE] [REI] [REICommonPlugin END] Reloading Section: "pre-register/DefaultRuntimePlugin of DefaultRuntimePlugin [roughlyenoughitems]/" done in 50.41 μs
[20:07:08] [Server thread/TRACE] [REI] [REICommonPlugin END] Reloading Section: "pre-register/" done in 564.2 μs
[20:07:08] [Server thread/TRACE] [REI] [REICommonPlugin END] Reloading Section: "pre-stage/"
[20:07:08] [Server thread/TRACE] [REI] [REICommonPlugin END] Reloading Section: "pre-stage/SlotAccessorRegistryImpl/"
[20:07:08] [Server thread/TRACE] [REI] [REICommonPlugin END] Reloading Section: "pre-stage/SlotAccessorRegistryImpl/" done in 51.88 μs
[20:07:08] [Server thread/TRACE] [REI] [REICommonPlugin END] Reloading Section: "pre-stage/EntryTypeRegistryImpl/"
[20:07:08] [Server thread/TRACE] [REI] [REICommonPlugin END] Reloading Section: "pre-stage/EntryTypeRegistryImpl/" done in 47.23 μs
[20:07:08] [Server thread/TRACE] [REI] [REICommonPlugin END] Reloading Section: "pre-stage/EntrySettingsAdapterRegistryImpl/"
[20:07:08] [Server thread/TRACE] [REI] [REICommonPlugin END] Reloading Section: "pre-stage/EntrySettingsAdapterRegistryImpl/" done in 49.10 μs
[20:07:08] [Server thread/TRACE] [REI] [REICommonPlugin END] Reloading Section: "pre-stage/ItemComparatorRegistryImpl/"
[20:07:08] [Server thread/TRACE] [REI] [REICommonPlugin END] Reloading Section: "pre-stage/ItemComparatorRegistryImpl/" done in 49.06 μs
[20:07:08] [Server thread/TRACE] [REI] [REICommonPlugin END] Reloading Section: "pre-stage/FluidComparatorRegistryImpl/"
[20:07:08] [Server thread/TRACE] [REI] [REICommonPlugin END] Reloading Section: "pre-stage/FluidComparatorRegistryImpl/" done in 38.43 μs
[20:07:08] [Server thread/TRACE] [REI] [REICommonPlugin END] Reloading Section: "pre-stage/DisplaySerializerRegistryImpl/"
[20:07:08] [Server thread/TRACE] [REI] [REICommonPlugin END] Reloading Section: "pre-stage/DisplaySerializerRegistryImpl/" done in 92.12 μs
[20:07:08] [Server thread/TRACE] [REI] [REICommonPlugin END] Reloading Section: "pre-stage/ServerDisplayRegistryImpl/"
[20:07:08] [Server thread/TRACE] [REI] [REICommonPlugin END] Reloading Section: "pre-stage/ServerDisplayRegistryImpl/" done in 60.39 μs
[20:07:08] [Server thread/TRACE] [REI] [REICommonPlugin END] Reloading Section: "pre-stage/FluidSupportProviderImpl/"
[20:07:08] [Server thread/TRACE] [REI] [REICommonPlugin END] Reloading Section: "pre-stage/FluidSupportProviderImpl/" done in 49.84 μs
[20:07:08] [Server thread/TRACE] [REI] [REICommonPlugin END] Reloading Section: "pre-stage/" done in 1.287 ms
[20:07:08] [Server thread/DEBUG] [REI] ========================================
[20:07:08] [Server thread/DEBUG] [REI] REICommonPlugin finished pre-reload for END in 2.020 ms.
[20:07:08] [Server thread/DEBUG] [REI] ========================================
[20:07:08] [Server thread/INFO] [REI] ########################################
[20:07:08] [Server thread/INFO] [REI] REICommonPlugin starting main-reload for END.
[20:07:08] [Server thread/DEBUG] [REI] Reloadables (8):
[20:07:08] [Server thread/DEBUG] [REI]  - SlotAccessorRegistryImpl
[20:07:08] [Server thread/DEBUG] [REI]  - EntryTypeRegistryImpl
[20:07:08] [Server thread/DEBUG] [REI]  - EntrySettingsAdapterRegistryImpl
[20:07:08] [Server thread/DEBUG] [REI]  - ItemComparatorRegistryImpl
[20:07:08] [Server thread/DEBUG] [REI]  - FluidComparatorRegistryImpl
[20:07:08] [Server thread/DEBUG] [REI]  - DisplaySerializerRegistryImpl
[20:07:08] [Server thread/DEBUG] [REI]  - ServerDisplayRegistryImpl
[20:07:08] [Server thread/DEBUG] [REI]  - FluidSupportProviderImpl
[20:07:08] [Server thread/INFO] [REI] Plugins (3):
[20:07:08] [Server thread/INFO] [REI]  - (-100.00) DefaultPlugin of DefaultPlugin [roughlyenoughitems]
[20:07:08] [Server thread/INFO] [REI]  - (0.00) FabricFluidAPISupportPlugin
[20:07:08] [Server thread/INFO] [REI]  - (0.00) DefaultRuntimePlugin of DefaultRuntimePlugin [roughlyenoughitems]
[20:07:08] [Server thread/INFO] [REI] ########################################
[20:07:08] [Server thread/TRACE] [REI] [REICommonPlugin END] Reloading Section: "start-reload/"
[20:07:08] [Server thread/TRACE] [REI] [REICommonPlugin END] Reloading Section: "start-reload/SlotAccessorRegistryImpl/"
[20:07:08] [Server thread/TRACE] [REI] [REICommonPlugin END] Reloading Section: "start-reload/SlotAccessorRegistryImpl/" done in 60.69 μs
[20:07:08] [Server thread/TRACE] [REI] [REICommonPlugin END] Reloading Section: "start-reload/EntryTypeRegistryImpl/"
[20:07:08] [Server thread/TRACE] [REI] [REICommonPlugin END] Reloading Section: "start-reload/EntryTypeRegistryImpl/" done in 55.45 μs
[20:07:08] [Server thread/TRACE] [REI] [REICommonPlugin END] Reloading Section: "start-reload/EntrySettingsAdapterRegistryImpl/"
[20:07:08] [Server thread/TRACE] [REI] [REICommonPlugin END] Reloading Section: "start-reload/EntrySettingsAdapterRegistryImpl/" done in 54.29 μs
[20:07:08] [Server thread/TRACE] [REI] [REICommonPlugin END] Reloading Section: "start-reload/ItemComparatorRegistryImpl/"
[20:07:08] [Server thread/TRACE] [REI] [REICommonPlugin END] Reloading Section: "start-reload/ItemComparatorRegistryImpl/" done in 45.83 μs
[20:07:08] [Server thread/TRACE] [REI] [REICommonPlugin END] Reloading Section: "start-reload/FluidComparatorRegistryImpl/"
[20:07:08] [Server thread/TRACE] [REI] [REICommonPlugin END] Reloading Section: "start-reload/FluidComparatorRegistryImpl/" done in 44.53 μs
[20:07:08] [Server thread/TRACE] [REI] [REICommonPlugin END] Reloading Section: "start-reload/DisplaySerializerRegistryImpl/"
[20:07:08] [Server thread/TRACE] [REI] [REICommonPlugin END] Reloading Section: "start-reload/DisplaySerializerRegistryImpl/" done in 57.48 μs
[20:07:08] [Server thread/TRACE] [REI] [REICommonPlugin END] Reloading Section: "start-reload/ServerDisplayRegistryImpl/"
[20:07:08] [Server thread/TRACE] [REI] [REICommonPlugin END] Reloading Section: "start-reload/ServerDisplayRegistryImpl/" done in 199.8 μs
[20:07:08] [Server thread/TRACE] [REI] [REICommonPlugin END] Reloading Section: "start-reload/FluidSupportProviderImpl/"
[20:07:08] [Server thread/TRACE] [REI] [REICommonPlugin END] Reloading Section: "start-reload/FluidSupportProviderImpl/" done in 63.05 μs
[20:07:08] [Server thread/TRACE] [REI] [REICommonPlugin END] Reloading Section: "start-reload/" done in 1.433 ms
[20:07:08] [Server thread/DEBUG] [REI] ========================================
[20:07:08] [Server thread/DEBUG] [REI] REICommonPlugin started main-reload for END.
[20:07:08] [Server thread/DEBUG] [REI] ========================================
[20:07:08] [Server thread/TRACE] [REI] [REICommonPlugin END] Reloading Section: "reloadable-plugin/SlotAccessorRegistryImpl/"
[20:07:08] [Server thread/TRACE] [REI] [REICommonPlugin END] Reloading Section: "reloadable-plugin/SlotAccessorRegistryImpl/DefaultPlugin of DefaultPlugin [roughlyenoughitems]/"
[20:07:08] [Server thread/TRACE] [REI] [REICommonPlugin END] Reloading Section: "reloadable-plugin/SlotAccessorRegistryImpl/DefaultPlugin of DefaultPlugin [roughlyenoughitems]/" done in 101.6 μs
[20:07:08] [Server thread/TRACE] [REI] [REICommonPlugin END] Reloading Section: "reloadable-plugin/SlotAccessorRegistryImpl/FabricFluidAPISupportPlugin/"
[20:07:08] [Server thread/TRACE] [REI] [REICommonPlugin END] Reloading Section: "reloadable-plugin/SlotAccessorRegistryImpl/FabricFluidAPISupportPlugin/" done in 53.99 μs
[20:07:08] [Server thread/TRACE] [REI] [REICommonPlugin END] Reloading Section: "reloadable-plugin/SlotAccessorRegistryImpl/DefaultRuntimePlugin of DefaultRuntimePlugin [roughlyenoughitems]/"
[20:07:08] [Server thread/DEBUG] [REI] Added slot accessor serializer: me.shedaniel.rei.plugin.common.runtime.DefaultRuntimePlugin$1@5b3ead96 [roughlyenoughitems:vanilla]
[20:07:08] [Server thread/DEBUG] [REI] Added slot accessor serializer: me.shedaniel.rei.plugin.common.runtime.DefaultRuntimePlugin$2@3b701c79 [roughlyenoughitems:player]
[20:07:08] [Server thread/TRACE] [REI] [REICommonPlugin END] Reloading Section: "reloadable-plugin/SlotAccessorRegistryImpl/DefaultRuntimePlugin of DefaultRuntimePlugin [roughlyenoughitems]/" done in 2.281 ms
[20:07:08] [Server thread/TRACE] [REI] [REICommonPlugin END] Reloading Section: "reloadable-plugin/SlotAccessorRegistryImpl/" done in 2.810 ms
[20:07:08] [Server thread/TRACE] [REI] [REICommonPlugin END] Reloading Section: "reloadable-plugin/EntryTypeRegistryImpl/"
[20:07:08] [Server thread/TRACE] [REI] [REICommonPlugin END] Reloading Section: "reloadable-plugin/EntryTypeRegistryImpl/DefaultPlugin of DefaultPlugin [roughlyenoughitems]/"
[20:07:08] [Server thread/TRACE] [REI] [REICommonPlugin END] Reloading Section: "reloadable-plugin/EntryTypeRegistryImpl/DefaultPlugin of DefaultPlugin [roughlyenoughitems]/" done in 64.40 μs
[20:07:08] [Server thread/TRACE] [REI] [REICommonPlugin END] Reloading Section: "reloadable-plugin/EntryTypeRegistryImpl/FabricFluidAPISupportPlugin/"
[20:07:08] [Server thread/TRACE] [REI] [REICommonPlugin END] Reloading Section: "reloadable-plugin/EntryTypeRegistryImpl/FabricFluidAPISupportPlugin/" done in 54.72 μs
[20:07:08] [Server thread/TRACE] [REI] [REICommonPlugin END] Reloading Section: "reloadable-plugin/EntryTypeRegistryImpl/DefaultRuntimePlugin of DefaultRuntimePlugin [roughlyenoughitems]/"
[20:07:08] [Server thread/TRACE] [REI] [REICommonPlugin END] Reloading Section: "reloadable-plugin/EntryTypeRegistryImpl/DefaultRuntimePlugin of DefaultRuntimePlugin [roughlyenoughitems]/" done in 58.47 μs
[20:07:08] [Server thread/TRACE] [REI] [REICommonPlugin END] Reloading Section: "reloadable-plugin/EntryTypeRegistryImpl/" done in 546.0 μs
[20:07:08] [Server thread/TRACE] [REI] [REICommonPlugin END] Reloading Section: "reloadable-plugin/EntrySettingsAdapterRegistryImpl/"
[20:07:08] [Server thread/TRACE] [REI] [REICommonPlugin END] Reloading Section: "reloadable-plugin/EntrySettingsAdapterRegistryImpl/DefaultPlugin of DefaultPlugin [roughlyenoughitems]/"
[20:07:08] [Server thread/TRACE] [REI] [REICommonPlugin END] Reloading Section: "reloadable-plugin/EntrySettingsAdapterRegistryImpl/DefaultPlugin of DefaultPlugin [roughlyenoughitems]/" done in 64.13 μs
[20:07:08] [Server thread/TRACE] [REI] [REICommonPlugin END] Reloading Section: "reloadable-plugin/EntrySettingsAdapterRegistryImpl/FabricFluidAPISupportPlugin/"
[20:07:08] [Server thread/TRACE] [REI] [REICommonPlugin END] Reloading Section: "reloadable-plugin/EntrySettingsAdapterRegistryImpl/FabricFluidAPISupportPlugin/" done in 58.53 μs
[20:07:08] [Server thread/TRACE] [REI] [REICommonPlugin END] Reloading Section: "reloadable-plugin/EntrySettingsAdapterRegistryImpl/DefaultRuntimePlugin of DefaultRuntimePlugin [roughlyenoughitems]/"
[20:07:08] [Server thread/TRACE] [REI] [REICommonPlugin END] Reloading Section: "reloadable-plugin/EntrySettingsAdapterRegistryImpl/DefaultRuntimePlugin of DefaultRuntimePlugin [roughlyenoughitems]/" done in 52.81 μs
[20:07:08] [Server thread/TRACE] [REI] [REICommonPlugin END] Reloading Section: "reloadable-plugin/EntrySettingsAdapterRegistryImpl/" done in 509.2 μs
[20:07:08] [Server thread/TRACE] [REI] [REICommonPlugin END] Reloading Section: "reloadable-plugin/ItemComparatorRegistryImpl/"
[20:07:08] [Server thread/TRACE] [REI] [REICommonPlugin END] Reloading Section: "reloadable-plugin/ItemComparatorRegistryImpl/DefaultPlugin of DefaultPlugin [roughlyenoughitems]/"
[20:07:08] [Server thread/TRACE] [REI] [REICommonPlugin END] Reloading Section: "reloadable-plugin/ItemComparatorRegistryImpl/DefaultPlugin of DefaultPlugin [roughlyenoughitems]/" done in 62.74 μs
[20:07:08] [Server thread/TRACE] [REI] [REICommonPlugin END] Reloading Section: "reloadable-plugin/ItemComparatorRegistryImpl/FabricFluidAPISupportPlugin/"
[20:07:08] [Server thread/TRACE] [REI] [REICommonPlugin END] Reloading Section: "reloadable-plugin/ItemComparatorRegistryImpl/FabricFluidAPISupportPlugin/" done in 76.42 μs
[20:07:08] [Server thread/TRACE] [REI] [REICommonPlugin END] Reloading Section: "reloadable-plugin/ItemComparatorRegistryImpl/DefaultRuntimePlugin of DefaultRuntimePlugin [roughlyenoughitems]/"
[20:07:08] [Server thread/TRACE] [REI] [REICommonPlugin END] Reloading Section: "reloadable-plugin/ItemComparatorRegistryImpl/DefaultRuntimePlugin of DefaultRuntimePlugin [roughlyenoughitems]/" done in 61.73 μs
[20:07:08] [Server thread/TRACE] [REI] [REICommonPlugin END] Reloading Section: "reloadable-plugin/ItemComparatorRegistryImpl/" done in 857.8 μs
[20:07:08] [Server thread/TRACE] [REI] [REICommonPlugin END] Reloading Section: "reloadable-plugin/FluidComparatorRegistryImpl/"
[20:07:08] [Server thread/TRACE] [REI] [REICommonPlugin END] Reloading Section: "reloadable-plugin/FluidComparatorRegistryImpl/DefaultPlugin of DefaultPlugin [roughlyenoughitems]/"
[20:07:08] [Server thread/TRACE] [REI] [REICommonPlugin END] Reloading Section: "reloadable-plugin/FluidComparatorRegistryImpl/DefaultPlugin of DefaultPlugin [roughlyenoughitems]/" done in 48.16 μs
[20:07:08] [Server thread/TRACE] [REI] [REICommonPlugin END] Reloading Section: "reloadable-plugin/FluidComparatorRegistryImpl/FabricFluidAPISupportPlugin/"
[20:07:08] [Server thread/TRACE] [REI] [REICommonPlugin END] Reloading Section: "reloadable-plugin/FluidComparatorRegistryImpl/FabricFluidAPISupportPlugin/" done in 38.86 μs
[20:07:08] [Server thread/TRACE] [REI] [REICommonPlugin END] Reloading Section: "reloadable-plugin/FluidComparatorRegistryImpl/DefaultRuntimePlugin of DefaultRuntimePlugin [roughlyenoughitems]/"
[20:07:08] [Server thread/TRACE] [REI] [REICommonPlugin END] Reloading Section: "reloadable-plugin/FluidComparatorRegistryImpl/DefaultRuntimePlugin of DefaultRuntimePlugin [roughlyenoughitems]/" done in 68.58 μs
[20:07:08] [Server thread/TRACE] [REI] [REICommonPlugin END] Reloading Section: "reloadable-plugin/FluidComparatorRegistryImpl/" done in 515.0 μs
[20:07:08] [Server thread/TRACE] [REI] [REICommonPlugin END] Reloading Section: "reloadable-plugin/DisplaySerializerRegistryImpl/"
[20:07:08] [Server thread/TRACE] [REI] [REICommonPlugin END] Reloading Section: "reloadable-plugin/DisplaySerializerRegistryImpl/DefaultPlugin of DefaultPlugin [roughlyenoughitems]/"
[20:07:08] [Server thread/TRACE] [REI] [REICommonPlugin END] Reloading Section: "reloadable-plugin/DisplaySerializerRegistryImpl/DefaultPlugin of DefaultPlugin [roughlyenoughitems]/" done in 58.23 μs
[20:07:08] [Server thread/TRACE] [REI] [REICommonPlugin END] Reloading Section: "reloadable-plugin/DisplaySerializerRegistryImpl/FabricFluidAPISupportPlugin/"
[20:07:08] [Server thread/TRACE] [REI] [REICommonPlugin END] Reloading Section: "reloadable-plugin/DisplaySerializerRegistryImpl/FabricFluidAPISupportPlugin/" done in 82.79 μs
[20:07:08] [Server thread/TRACE] [REI] [REICommonPlugin END] Reloading Section: "reloadable-plugin/DisplaySerializerRegistryImpl/DefaultRuntimePlugin of DefaultRuntimePlugin [roughlyenoughitems]/"
[20:07:08] [Server thread/TRACE] [REI] [REICommonPlugin END] Reloading Section: "reloadable-plugin/DisplaySerializerRegistryImpl/DefaultRuntimePlugin of DefaultRuntimePlugin [roughlyenoughitems]/" done in 54.17 μs
[20:07:08] [Server thread/TRACE] [REI] [REICommonPlugin END] Reloading Section: "reloadable-plugin/DisplaySerializerRegistryImpl/" done in 579.2 μs
[20:07:08] [Server thread/TRACE] [REI] [REICommonPlugin END] Reloading Section: "reloadable-plugin/ServerDisplayRegistryImpl/"
[20:07:08] [Server thread/TRACE] [REI] [REICommonPlugin END] Reloading Section: "reloadable-plugin/ServerDisplayRegistryImpl/DefaultPlugin of DefaultPlugin [roughlyenoughitems]/"
[20:07:08] [Server thread/DEBUG] [REI] Added display filter: me.shedaniel.rei.api.common.registry.display.DisplayConsumer$RecipeManagerConsumer$RecipeFillerBuilder$$Lambda/0x000077a0cd32e308@24371863
[20:07:08] [Server thread/DEBUG] [REI] Added display filter: me.shedaniel.rei.api.common.registry.display.DisplayConsumer$RecipeManagerConsumer$RecipeFillerBuilder$$Lambda/0x000077a0cd32e308@6615d7db
[20:07:08] [Server thread/DEBUG] [REI] Added display filter: me.shedaniel.rei.api.common.registry.display.DisplayConsumer$RecipeManagerConsumer$RecipeFillerBuilder$$Lambda/0x000077a0cd32e308@23ef3cc9
[20:07:08] [Server thread/DEBUG] [REI] Added display filter: me.shedaniel.rei.api.common.registry.display.DisplayConsumer$RecipeManagerConsumer$RecipeFillerBuilder$$Lambda/0x000077a0cd32e308@654213d9
[20:07:08] [Server thread/DEBUG] [REI] Added display filter: me.shedaniel.rei.api.common.registry.display.DisplayConsumer$RecipeManagerConsumer$RecipeFillerBuilder$$Lambda/0x000077a0cd32e308@3eed0c0e
[20:07:08] [Server thread/DEBUG] [REI] Added display filter: me.shedaniel.rei.api.common.registry.display.DisplayConsumer$RecipeManagerConsumer$RecipeFillerBuilder$$Lambda/0x000077a0cd32e308@6b50414d
[20:07:08] [Server thread/DEBUG] [REI] Added display filter: me.shedaniel.rei.api.common.registry.display.DisplayConsumer$RecipeManagerConsumer$RecipeFillerBuilder$$Lambda/0x000077a0cd32e308@2a4ba8be
[20:07:08] [Server thread/DEBUG] [REI] Added display filter: me.shedaniel.rei.api.common.registry.display.DisplayConsumer$RecipeManagerConsumer$RecipeFillerBuilder$$Lambda/0x000077a0cd32faf0@1e5c1c4a
[20:07:08] [Server thread/DEBUG] [REI] Added display filter: me.shedaniel.rei.api.common.registry.display.DisplayConsumer$RecipeManagerConsumer$RecipeFillerBuilder$$Lambda/0x000077a0cd32faf0@35d4119e
[20:07:08] [Server thread/DEBUG] [REI] Added display filter: me.shedaniel.rei.api.common.registry.display.DisplayConsumer$RecipeManagerConsumer$RecipeFillerBuilder$$Lambda/0x000077a0cd32faf0@6cf8db02
[20:07:08] [Server thread/DEBUG] [REI] Added display filter: me.shedaniel.rei.api.common.registry.display.DisplayConsumer$RecipeManagerConsumer$RecipeFillerBuilder$$Lambda/0x000077a0cd32faf0@2fa2d812
[20:07:08] [Server thread/DEBUG] [REI] Added display filter: me.shedaniel.rei.api.common.registry.display.DisplayConsumer$RecipeManagerConsumer$RecipeFillerBuilder$$Lambda/0x000077a0cd32faf0@51e23fe0
[20:07:08] [Server thread/DEBUG] [REI] Added display filter: me.shedaniel.rei.api.common.registry.display.DisplayConsumer$RecipeManagerConsumer$RecipeFillerBuilder$$Lambda/0x000077a0cd32faf0@44af8ca3
[20:07:08] [Server thread/DEBUG] [REI] Added display filter: me.shedaniel.rei.api.common.registry.display.DisplayConsumer$RecipeManagerConsumer$RecipeFillerBuilder$$Lambda/0x000077a0cd32faf0@6ea56fff
[20:07:08] [Server thread/DEBUG] [REI] Added display filter: me.shedaniel.rei.api.common.registry.display.DisplayConsumer$RecipeManagerConsumer$RecipeFillerBuilder$$Lambda/0x000077a0cd32faf0@577e4871
[20:07:08] [Server thread/DEBUG] [REI] Added display filter: me.shedaniel.rei.api.common.registry.display.DisplayConsumer$RecipeManagerConsumer$RecipeFillerBuilder$$Lambda/0x000077a0cd32faf0@17237041
[20:07:08] [Server thread/TRACE] [REI] [REICommonPlugin END] Reloading Section: "reloadable-plugin/ServerDisplayRegistryImpl/DefaultPlugin of DefaultPlugin [roughlyenoughitems]/" done in 7.672 ms
[20:07:08] [Server thread/TRACE] [REI] [REICommonPlugin END] Reloading Section: "reloadable-plugin/ServerDisplayRegistryImpl/FabricFluidAPISupportPlugin/"
[20:07:08] [Server thread/TRACE] [REI] [REICommonPlugin END] Reloading Section: "reloadable-plugin/ServerDisplayRegistryImpl/FabricFluidAPISupportPlugin/" done in 55.19 μs
[20:07:08] [Server thread/TRACE] [REI] [REICommonPlugin END] Reloading Section: "reloadable-plugin/ServerDisplayRegistryImpl/DefaultRuntimePlugin of DefaultRuntimePlugin [roughlyenoughitems]/"
[20:07:08] [Server thread/TRACE] [REI] [REICommonPlugin END] Reloading Section: "reloadable-plugin/ServerDisplayRegistryImpl/DefaultRuntimePlugin of DefaultRuntimePlugin [roughlyenoughitems]/" done in 41.07 μs
[20:07:08] [Server thread/TRACE] [REI] [REICommonPlugin END] Reloading Section: "reloadable-plugin/ServerDisplayRegistryImpl/" done in 8.205 ms
[20:07:08] [Server thread/TRACE] [REI] [REICommonPlugin END] Reloading Section: "reloadable-plugin/FluidSupportProviderImpl/"
[20:07:08] [Server thread/TRACE] [REI] [REICommonPlugin END] Reloading Section: "reloadable-plugin/FluidSupportProviderImpl/DefaultPlugin of DefaultPlugin [roughlyenoughitems]/"
[20:07:08] [Server thread/TRACE] [REI] [REICommonPlugin END] Reloading Section: "reloadable-plugin/FluidSupportProviderImpl/DefaultPlugin of DefaultPlugin [roughlyenoughitems]/" done in 41.56 μs
[20:07:08] [Server thread/TRACE] [REI] [REICommonPlugin END] Reloading Section: "reloadable-plugin/FluidSupportProviderImpl/FabricFluidAPISupportPlugin/"
[20:07:08] [Server thread/TRACE] [REI] [REICommonPlugin END] Reloading Section: "reloadable-plugin/FluidSupportProviderImpl/FabricFluidAPISupportPlugin/" done in 48.38 μs
[20:07:08] [Server thread/TRACE] [REI] [REICommonPlugin END] Reloading Section: "reloadable-plugin/FluidSupportProviderImpl/DefaultRuntimePlugin of DefaultRuntimePlugin [roughlyenoughitems]/"
[20:07:08] [Server thread/TRACE] [REI] [REICommonPlugin END] Reloading Section: "reloadable-plugin/FluidSupportProviderImpl/DefaultRuntimePlugin of DefaultRuntimePlugin [roughlyenoughitems]/" done in 36.73 μs
[20:07:08] [Server thread/TRACE] [REI] [REICommonPlugin END] Reloading Section: "reloadable-plugin/FluidSupportProviderImpl/" done in 468.4 μs
[20:07:08] [Server thread/DEBUG] [REI] ========================================
[20:07:08] [Server thread/DEBUG] [REI] REICommonPlugin ending main-reload for END.
[20:07:08] [Server thread/DEBUG] [REI] ========================================
[20:07:08] [Server thread/TRACE] [REI] [REICommonPlugin END] Reloading Section: "end-reload/"
[20:07:08] [Server thread/TRACE] [REI] [REICommonPlugin END] Reloading Section: "end-reload/SlotAccessorRegistryImpl/"
[20:07:08] [Server thread/DEBUG] [REI] Registered 2 slot accessor serializers
[20:07:08] [Server thread/TRACE] [REI] [REICommonPlugin END] Reloading Section: "end-reload/SlotAccessorRegistryImpl/" done in 138.9 μs
[20:07:08] [Server thread/TRACE] [REI] [REICommonPlugin END] Reloading Section: "end-reload/EntryTypeRegistryImpl/"
[20:07:08] [Server thread/TRACE] [REI] [REICommonPlugin END] Reloading Section: "end-reload/EntryTypeRegistryImpl/" done in 44.31 μs
[20:07:08] [Server thread/TRACE] [REI] [REICommonPlugin END] Reloading Section: "end-reload/EntrySettingsAdapterRegistryImpl/"
[20:07:08] [Server thread/TRACE] [REI] [REICommonPlugin END] Reloading Section: "end-reload/EntrySettingsAdapterRegistryImpl/" done in 47.78 μs
[20:07:08] [Server thread/TRACE] [REI] [REICommonPlugin END] Reloading Section: "end-reload/ItemComparatorRegistryImpl/"
[20:07:08] [Server thread/TRACE] [REI] [REICommonPlugin END] Reloading Section: "end-reload/ItemComparatorRegistryImpl/" done in 46.47 μs
[20:07:08] [Server thread/TRACE] [REI] [REICommonPlugin END] Reloading Section: "end-reload/FluidComparatorRegistryImpl/"
[20:07:08] [Server thread/TRACE] [REI] [REICommonPlugin END] Reloading Section: "end-reload/FluidComparatorRegistryImpl/" done in 53.41 μs
[20:07:08] [Server thread/TRACE] [REI] [REICommonPlugin END] Reloading Section: "end-reload/DisplaySerializerRegistryImpl/"
[20:07:08] [Server thread/TRACE] [REI] [REICommonPlugin END] Reloading Section: "end-reload/DisplaySerializerRegistryImpl/" done in 47.89 μs
[20:07:08] [Server thread/TRACE] [REI] [REICommonPlugin END] Reloading Section: "end-reload/ServerDisplayRegistryImpl/"
[20:07:08] [Server thread/DEBUG] [REI] Found preliminary 0 displays
[20:07:08] [Server thread/DEBUG] [REI] Filled 2757 displays from recipe manager in 100.4 ms
[20:07:08] [Server thread/TRACE] [REI] [REICommonPlugin END] Reloading Section: "end-reload/ServerDisplayRegistryImpl/" done in 100.7 ms
[20:07:08] [Server thread/TRACE] [REI] [REICommonPlugin END] Reloading Section: "end-reload/FluidSupportProviderImpl/"
[20:07:08] [Server thread/TRACE] [REI] [REICommonPlugin END] Reloading Section: "end-reload/FluidSupportProviderImpl/" done in 31.94 μs
[20:07:08] [Server thread/TRACE] [REI] [REICommonPlugin END] Reloading Section: "end-reload/" done in 101.8 ms
[20:07:08] [Server thread/DEBUG] [REI] ========================================
[20:07:08] [Server thread/DEBUG] [REI] REICommonPlugin ended main-reload for END in 121.5 ms.
[20:07:08] [Server thread/DEBUG] [REI] ========================================
[20:07:08] [Server thread/DEBUG] [REI] ========================================
[20:07:08] [Server thread/DEBUG] [REI] REICommonPlugin starting post-reload for END.
[20:07:08] [Server thread/DEBUG] [REI] Reloadables (8):
[20:07:08] [Server thread/DEBUG] [REI]  - SlotAccessorRegistryImpl
[20:07:08] [Server thread/DEBUG] [REI]  - EntryTypeRegistryImpl
[20:07:08] [Server thread/DEBUG] [REI]  - EntrySettingsAdapterRegistryImpl
[20:07:08] [Server thread/DEBUG] [REI]  - ItemComparatorRegistryImpl
[20:07:08] [Server thread/DEBUG] [REI]  - FluidComparatorRegistryImpl
[20:07:08] [Server thread/DEBUG] [REI]  - DisplaySerializerRegistryImpl
[20:07:08] [Server thread/DEBUG] [REI]  - ServerDisplayRegistryImpl
[20:07:08] [Server thread/DEBUG] [REI]  - FluidSupportProviderImpl
[20:07:08] [Server thread/DEBUG] [REI] Plugins (3):
[20:07:08] [Server thread/DEBUG] [REI]  - (-100.00) DefaultPlugin of DefaultPlugin [roughlyenoughitems]
[20:07:08] [Server thread/DEBUG] [REI]  - (0.00) FabricFluidAPISupportPlugin
[20:07:08] [Server thread/DEBUG] [REI]  - (0.00) DefaultRuntimePlugin of DefaultRuntimePlugin [roughlyenoughitems]
[20:07:08] [Server thread/DEBUG] [REI] ========================================
[20:07:08] [Server thread/TRACE] [REI] [REICommonPlugin END] Reloading Section: "post-register/"
[20:07:08] [Server thread/TRACE] [REI] [REICommonPlugin END] Reloading Section: "post-register/DefaultPlugin of DefaultPlugin [roughlyenoughitems]/"
[20:07:08] [Server thread/TRACE] [REI] [REICommonPlugin END] Reloading Section: "post-register/DefaultPlugin of DefaultPlugin [roughlyenoughitems]/" done in 31.40 μs
[20:07:08] [Server thread/TRACE] [REI] [REICommonPlugin END] Reloading Section: "post-register/FabricFluidAPISupportPlugin/"
[20:07:08] [Server thread/TRACE] [REI] [REICommonPlugin END] Reloading Section: "post-register/FabricFluidAPISupportPlugin/" done in 23.79 μs
[20:07:08] [Server thread/TRACE] [REI] [REICommonPlugin END] Reloading Section: "post-register/DefaultRuntimePlugin of DefaultRuntimePlugin [roughlyenoughitems]/"
[20:07:08] [Server thread/TRACE] [REI] [REICommonPlugin END] Reloading Section: "post-register/DefaultRuntimePlugin of DefaultRuntimePlugin [roughlyenoughitems]/" done in 25.28 μs
[20:07:08] [Server thread/TRACE] [REI] [REICommonPlugin END] Reloading Section: "post-register/" done in 280.7 μs
[20:07:08] [Server thread/TRACE] [REI] [REICommonPlugin END] Reloading Section: "post-stage/"
[20:07:08] [Server thread/TRACE] [REI] [REICommonPlugin END] Reloading Section: "post-stage/SlotAccessorRegistryImpl/"
[20:07:08] [Server thread/TRACE] [REI] [REICommonPlugin END] Reloading Section: "post-stage/SlotAccessorRegistryImpl/" done in 45.12 μs
[20:07:08] [Server thread/TRACE] [REI] [REICommonPlugin END] Reloading Section: "post-stage/EntryTypeRegistryImpl/"
[20:07:08] [Server thread/TRACE] [REI] [REICommonPlugin END] Reloading Section: "post-stage/EntryTypeRegistryImpl/" done in 22.82 μs
[20:07:08] [Server thread/TRACE] [REI] [REICommonPlugin END] Reloading Section: "post-stage/EntrySettingsAdapterRegistryImpl/"
[20:07:08] [Server thread/TRACE] [REI] [REICommonPlugin END] Reloading Section: "post-stage/EntrySettingsAdapterRegistryImpl/" done in 22.21 μs
[20:07:08] [Server thread/TRACE] [REI] [REICommonPlugin END] Reloading Section: "post-stage/ItemComparatorRegistryImpl/"
[20:07:08] [Server thread/TRACE] [REI] [REICommonPlugin END] Reloading Section: "post-stage/ItemComparatorRegistryImpl/" done in 20.38 μs
[20:07:08] [Server thread/TRACE] [REI] [REICommonPlugin END] Reloading Section: "post-stage/FluidComparatorRegistryImpl/"
[20:07:08] [Server thread/TRACE] [REI] [REICommonPlugin END] Reloading Section: "post-stage/FluidComparatorRegistryImpl/" done in 19.69 μs
[20:07:08] [Server thread/TRACE] [REI] [REICommonPlugin END] Reloading Section: "post-stage/DisplaySerializerRegistryImpl/"
[20:07:08] [Server thread/TRACE] [REI] [REICommonPlugin END] Reloading Section: "post-stage/DisplaySerializerRegistryImpl/" done in 19.71 μs
[20:07:08] [Server thread/TRACE] [REI] [REICommonPlugin END] Reloading Section: "post-stage/ServerDisplayRegistryImpl/"
[20:07:08] [Server thread/TRACE] [REI] [REICommonPlugin END] Reloading Section: "post-stage/ServerDisplayRegistryImpl/" done in 16.83 μs
[20:07:08] [Server thread/TRACE] [REI] [REICommonPlugin END] Reloading Section: "post-stage/FluidSupportProviderImpl/"
[20:07:08] [Server thread/TRACE] [REI] [REICommonPlugin END] Reloading Section: "post-stage/FluidSupportProviderImpl/" done in 23.70 μs
[20:07:08] [Server thread/TRACE] [REI] [REICommonPlugin END] Reloading Section: "post-stage/" done in 559.8 μs
[20:07:08] [Server thread/DEBUG] [REI] ========================================
[20:07:08] [Server thread/INFO] [REI] REICommonPlugin finished post-reload for END in 922.3 μs, totaling 124.4 ms.
[20:07:08] [Server thread/DEBUG] [REI] ========================================
[20:07:09] [Server thread/DEBUG] [REI] Updating players with new displays version 1E0C2E2300000001 [from 1E0C2E2300000000]
[20:10:01] [Server thread/DEBUG] [REI] Player Jhoec has outdated displays version 0 [latest version: 1E0C2E2300000001]
[20:10:01] [Server thread/DEBUG] [REI] Player Jhoec has outdated displays version 0 [latest version: 1E0C2E2300000001], sending reset packet request.
[20:15:06] [Server thread/DEBUG] [REI] Player Jhoec has outdated displays version 0 [latest version: 1E0C2E2300000001]
[20:15:06] [Server thread/DEBUG] [REI] Player Jhoec has outdated displays version 0 [latest version: 1E0C2E2300000001], sending reset packet request.
